  Building 'FsFilterDriver' with toolset 'WindowsKernelModeDriver10.0' and the 'Desktop' target platform.
  Stamping x64\Debug\FsFilterDriver.inf
  Stamping [Version] section with DriverVer=09/21/2021,12.35.54.347
E:\Coding\VisualStudioCpp\FsFilters\FsFilterDriver\FsFilterDriver.inf : warning 1420: [DefaultInstall]-based INF cannot be processed as Primitive.
E:\Coding\VisualStudioCpp\FsFilters\FsFilterDriver\FsFilterDriver.inf(25-25): warning 1421: Section [DefaultInstall] should have an architecture decoration.
E:\Coding\VisualStudioCpp\FsFilters\FsFilterDriver\FsFilterDriver.inf(36-36): warning 1421: Section [DefaultUninstall] should have an architecture decoration.
E:\Coding\VisualStudioCpp\FsFilters\FsFilterDriver\FsFilterDriver.inf(74-74): warning 1205: Section [MiniFilter.DriverFiles] referenced from DelFiles and CopyFiles directive.
  FsFilterDriver.c
  FsFilterDriver.vcxproj -> E:\Coding\VisualStudioCpp\FsFilters\FsFilterDriver\x64\Debug\FsFilterDriver.sys
  Done Adding Additional Store
  Successfully signed: E:\Coding\VisualStudioCpp\FsFilters\FsFilterDriver\x64\Debug\FsFilterDriver.sys
  
  ........................
  Signability test complete.
  
  Errors:
  None
  
  Warnings:
  None
  
  Catalog generation complete.
  E:\Coding\VisualStudioCpp\FsFilters\FsFilterDriver\x64\Debug\FsFilterDriver\fsfilterdriver.cat
  Done Adding Additional Store
  Successfully signed: E:\Coding\VisualStudioCpp\FsFilters\FsFilterDriver\x64\Debug\FsFilterDriver\fsfilterdriver.cat
  
